

[DEBUG] 2019-03-20 21:27:49,591 method:org.apache.zookeeper.ClientCnxn$SendThread.readResponse(ClientCnxn.java:742)
Got ping response for sessionid: 0x1698bc942c000c7 after 47ms


[DEBUG] 2019-03-20 21:27:59,584 method:org.apache.zookeeper.ClientCnxn$SendThread.readResponse(ClientCnxn.java:742)
Got ping response for sessionid: 0x1698bc942c000c7 after 38ms


[DEBUG] 2019-03-20 21:28:09,589 method:org.apache.zookeeper.ClientCnxn$SendThread.readResponse(ClientCnxn.java:742)
Got ping response for sessionid: 0x1698bc942c000c7 after 42ms


[DEBUG] 2019-03-20 21:28:19,588 method:org.apache.zookeeper.ClientCnxn$SendThread.readResponse(ClientCnxn.java:742)
Got ping response for sessionid: 0x1698bc942c000c7 after 40ms


[DEBUG] 2019-03-20 21:28:29,586 method:org.apache.zookeeper.ClientCnxn$SendThread.readResponse(ClientCnxn.java:742)
Got ping response for sessionid: 0x1698bc942c000c7 after 38ms


[DEBUG] 2019-03-20 21:28:29,774 method:com.alibaba.dubbo.remoting.exchange.support.header.HeartBeatTask.run(HeartBeatTask.java:66)
 [DUBBO] Send heartbeat to remote channel /192.168.25.1:20882, cause: The channel has no data-transmission exceeds a heartbeat period: 60000ms, dubbo version: 2.5.3, current host: 192.168.25.1


[DEBUG] 2019-03-20 21:28:29,840 method:com.alibaba.dubbo.remoting.exchange.support.header.HeartbeatHandler.received(HeartbeatHandler.java:82)
 [DUBBO] Receive heartbeat response in thread New I/O worker #1, dubbo version: 2.5.3, current host: 192.168.25.1


[DEBUG] 2019-03-20 21:28:39,669 method:org.apache.zookeeper.ClientCnxn$SendThread.readResponse(ClientCnxn.java:742)
Got ping response for sessionid: 0x1698bc942c000c7 after 37ms


[DEBUG] 2019-03-20 21:28:49,670 method:org.apache.zookeeper.ClientCnxn$SendThread.readResponse(ClientCnxn.java:742)
Got ping response for sessionid: 0x1698bc942c000c7 after 37ms


[DEBUG] 2019-03-20 21:28:59,673 method:org.apache.zookeeper.ClientCnxn$SendThread.readResponse(ClientCnxn.java:742)
Got ping response for sessionid: 0x1698bc942c000c7 after 39ms


[DEBUG] 2019-03-20 21:29:09,670 method:org.apache.zookeeper.ClientCnxn$SendThread.readResponse(ClientCnxn.java:742)
Got ping response for sessionid: 0x1698bc942c000c7 after 37ms


[DEBUG] 2019-03-20 21:29:19,674 method:org.apache.zookeeper.ClientCnxn$SendThread.readResponse(ClientCnxn.java:742)
Got ping response for sessionid: 0x1698bc942c000c7 after 40ms


[DEBUG] 2019-03-20 21:29:29,680 method:org.apache.zookeeper.ClientCnxn$SendThread.readResponse(ClientCnxn.java:742)
Got ping response for sessionid: 0x1698bc942c000c7 after 45ms


[DEBUG] 2019-03-20 21:29:29,841 method:com.alibaba.dubbo.remoting.exchange.support.header.HeartBeatTask.run(HeartBeatTask.java:66)
 [DUBBO] Send heartbeat to remote channel /192.168.25.1:20882, cause: The channel has no data-transmission exceeds a heartbeat period: 60000ms, dubbo version: 2.5.3, current host: 192.168.25.1


[DEBUG] 2019-03-20 21:29:30,138 method:com.alibaba.dubbo.remoting.exchange.support.header.HeartbeatHandler.received(HeartbeatHandler.java:82)
 [DUBBO] Receive heartbeat response in thread New I/O worker #1, dubbo version: 2.5.3, current host: 192.168.25.1


[DEBUG] 2019-03-20 21:29:39,676 method:org.apache.zookeeper.ClientCnxn$SendThread.readResponse(ClientCnxn.java:742)
Got ping response for sessionid: 0x1698bc942c000c7 after 42ms


[DEBUG] 2019-03-20 21:29:49,671 method:org.apache.zookeeper.ClientCnxn$SendThread.readResponse(ClientCnxn.java:742)
Got ping response for sessionid: 0x1698bc942c000c7 after 37ms


[DEBUG] 2019-03-20 21:29:59,676 method:org.apache.zookeeper.ClientCnxn$SendThread.readResponse(ClientCnxn.java:742)
Got ping response for sessionid: 0x1698bc942c000c7 after 41ms


[DEBUG] 2019-03-20 21:30:09,678 method:org.apache.zookeeper.ClientCnxn$SendThread.readResponse(ClientCnxn.java:742)
Got ping response for sessionid: 0x1698bc942c000c7 after 42ms


[DEBUG] 2019-03-20 21:30:19,673 method:org.apache.zookeeper.ClientCnxn$SendThread.readResponse(ClientCnxn.java:742)
Got ping response for sessionid: 0x1698bc942c000c7 after 37ms


[DEBUG] 2019-03-20 21:30:29,673 method:org.apache.zookeeper.ClientCnxn$SendThread.readResponse(ClientCnxn.java:742)
Got ping response for sessionid: 0x1698bc942c000c7 after 37ms


[DEBUG] 2019-03-20 21:30:30,140 method:com.alibaba.dubbo.remoting.exchange.support.header.HeartBeatTask.run(HeartBeatTask.java:66)
 [DUBBO] Send heartbeat to remote channel /192.168.25.1:20882, cause: The channel has no data-transmission exceeds a heartbeat period: 60000ms, dubbo version: 2.5.3, current host: 192.168.25.1


[DEBUG] 2019-03-20 21:30:30,194 method:com.alibaba.dubbo.remoting.exchange.support.header.HeartbeatHandler.received(HeartbeatHandler.java:82)
 [DUBBO] Receive heartbeat response in thread New I/O worker #1, dubbo version: 2.5.3, current host: 192.168.25.1


[DEBUG] 2019-03-20 21:30:39,675 method:org.apache.zookeeper.ClientCnxn$SendThread.readResponse(ClientCnxn.java:742)
Got ping response for sessionid: 0x1698bc942c000c7 after 38ms


[DEBUG] 2019-03-20 21:30:49,674 method:org.apache.zookeeper.ClientCnxn$SendThread.readResponse(ClientCnxn.java:742)
Got ping response for sessionid: 0x1698bc942c000c7 after 37ms


[DEBUG] 2019-03-20 21:30:59,675 method:org.apache.zookeeper.ClientCnxn$SendThread.readResponse(ClientCnxn.java:742)
Got ping response for sessionid: 0x1698bc942c000c7 after 37ms


[DEBUG] 2019-03-20 21:31:09,676 method:org.apache.zookeeper.ClientCnxn$SendThread.readResponse(ClientCnxn.java:742)
Got ping response for sessionid: 0x1698bc942c000c7 after 38ms


[DEBUG] 2019-03-20 21:31:19,678 method:org.apache.zookeeper.ClientCnxn$SendThread.readResponse(ClientCnxn.java:742)
Got ping response for sessionid: 0x1698bc942c000c7 after 36ms


[DEBUG] 2019-03-20 21:31:29,678 method:org.apache.zookeeper.ClientCnxn$SendThread.readResponse(ClientCnxn.java:742)
Got ping response for sessionid: 0x1698bc942c000c7 after 37ms


[DEBUG] 2019-03-20 21:31:30,196 method:com.alibaba.dubbo.remoting.exchange.support.header.HeartBeatTask.run(HeartBeatTask.java:66)
 [DUBBO] Send heartbeat to remote channel /192.168.25.1:20882, cause: The channel has no data-transmission exceeds a heartbeat period: 60000ms, dubbo version: 2.5.3, current host: 192.168.25.1


[DEBUG] 2019-03-20 21:31:30,272 method:com.alibaba.dubbo.remoting.exchange.support.header.HeartbeatHandler.received(HeartbeatHandler.java:82)
 [DUBBO] Receive heartbeat response in thread New I/O worker #1, dubbo version: 2.5.3, current host: 192.168.25.1


[DEBUG] 2019-03-20 21:31:39,678 method:org.apache.zookeeper.ClientCnxn$SendThread.readResponse(ClientCnxn.java:742)
Got ping response for sessionid: 0x1698bc942c000c7 after 36ms


[DEBUG] 2019-03-20 21:31:49,678 method:org.apache.zookeeper.ClientCnxn$SendThread.readResponse(ClientCnxn.java:742)
Got ping response for sessionid: 0x1698bc942c000c7 after 37ms


[DEBUG] 2019-03-20 21:31:59,683 method:org.apache.zookeeper.ClientCnxn$SendThread.readResponse(ClientCnxn.java:742)
Got ping response for sessionid: 0x1698bc942c000c7 after 40ms


[DEBUG] 2019-03-20 21:32:09,680 method:org.apache.zookeeper.ClientCnxn$SendThread.readResponse(ClientCnxn.java:742)
Got ping response for sessionid: 0x1698bc942c000c7 after 37ms


[DEBUG] 2019-03-20 21:32:19,681 method:org.apache.zookeeper.ClientCnxn$SendThread.readResponse(ClientCnxn.java:742)
Got ping response for sessionid: 0x1698bc942c000c7 after 37ms


[DEBUG] 2019-03-20 21:32:29,685 method:org.apache.zookeeper.ClientCnxn$SendThread.readResponse(ClientCnxn.java:742)
Got ping response for sessionid: 0x1698bc942c000c7 after 41ms


[DEBUG] 2019-03-20 21:32:30,274 method:com.alibaba.dubbo.remoting.exchange.support.header.HeartBeatTask.run(HeartBeatTask.java:66)
 [DUBBO] Send heartbeat to remote channel /192.168.25.1:20882, cause: The channel has no data-transmission exceeds a heartbeat period: 60000ms, dubbo version: 2.5.3, current host: 192.168.25.1


[DEBUG] 2019-03-20 21:32:30,304 method:com.alibaba.dubbo.remoting.exchange.support.header.HeartbeatHandler.received(HeartbeatHandler.java:82)
 [DUBBO] Receive heartbeat response in thread New I/O worker #1, dubbo version: 2.5.3, current host: 192.168.25.1


[DEBUG] 2019-03-20 21:32:39,681 method:org.apache.zookeeper.ClientCnxn$SendThread.readResponse(ClientCnxn.java:742)
Got ping response for sessionid: 0x1698bc942c000c7 after 36ms


[DEBUG] 2019-03-20 21:32:49,683 method:org.apache.zookeeper.ClientCnxn$SendThread.readResponse(ClientCnxn.java:742)
Got ping response for sessionid: 0x1698bc942c000c7 after 37ms


[DEBUG] 2019-03-20 21:32:59,683 method:org.apache.zookeeper.ClientCnxn$SendThread.readResponse(ClientCnxn.java:742)
Got ping response for sessionid: 0x1698bc942c000c7 after 37ms


[DEBUG] 2019-03-20 21:33:09,684 method:org.apache.zookeeper.ClientCnxn$SendThread.readResponse(ClientCnxn.java:742)
Got ping response for sessionid: 0x1698bc942c000c7 after 38ms


[DEBUG] 2019-03-20 21:33:19,694 method:org.apache.zookeeper.ClientCnxn$SendThread.readResponse(ClientCnxn.java:742)
Got ping response for sessionid: 0x1698bc942c000c7 after 47ms


[DEBUG] 2019-03-20 21:33:29,684 method:org.apache.zookeeper.ClientCnxn$SendThread.readResponse(ClientCnxn.java:742)
Got ping response for sessionid: 0x1698bc942c000c7 after 37ms


[DEBUG] 2019-03-20 21:33:30,306 method:com.alibaba.dubbo.remoting.exchange.support.header.HeartBeatTask.run(HeartBeatTask.java:66)
 [DUBBO] Send heartbeat to remote channel /192.168.25.1:20882, cause: The channel has no data-transmission exceeds a heartbeat period: 60000ms, dubbo version: 2.5.3, current host: 192.168.25.1


[DEBUG] 2019-03-20 21:33:30,367 method:com.alibaba.dubbo.remoting.exchange.support.header.HeartbeatHandler.received(HeartbeatHandler.java:82)
 [DUBBO] Receive heartbeat response in thread New I/O worker #1, dubbo version: 2.5.3, current host: 192.168.25.1


[DEBUG] 2019-03-20 21:33:39,684 method:org.apache.zookeeper.ClientCnxn$SendThread.readResponse(ClientCnxn.java:742)
Got ping response for sessionid: 0x1698bc942c000c7 after 37ms


[DEBUG] 2019-03-20 21:33:49,685 method:org.apache.zookeeper.ClientCnxn$SendThread.readResponse(ClientCnxn.java:742)
Got ping response for sessionid: 0x1698bc942c000c7 after 38ms


[DEBUG] 2019-03-20 21:33:59,686 method:org.apache.zookeeper.ClientCnxn$SendThread.readResponse(ClientCnxn.java:742)
Got ping response for sessionid: 0x1698bc942c000c7 after 37ms


[DEBUG] 2019-03-20 21:34:09,686 method:org.apache.zookeeper.ClientCnxn$SendThread.readResponse(ClientCnxn.java:742)
Got ping response for sessionid: 0x1698bc942c000c7 after 37ms


[DEBUG] 2019-03-20 21:34:19,686 method:org.apache.zookeeper.ClientCnxn$SendThread.readResponse(ClientCnxn.java:742)
Got ping response for sessionid: 0x1698bc942c000c7 after 37ms


[DEBUG] 2019-03-20 21:34:29,695 method:org.apache.zookeeper.ClientCnxn$SendThread.readResponse(ClientCnxn.java:742)
Got ping response for sessionid: 0x1698bc942c000c7 after 46ms


[DEBUG] 2019-03-20 21:34:30,368 method:com.alibaba.dubbo.remoting.exchange.support.header.HeartBeatTask.run(HeartBeatTask.java:66)
 [DUBBO] Send heartbeat to remote channel /192.168.25.1:20882, cause: The channel has no data-transmission exceeds a heartbeat period: 60000ms, dubbo version: 2.5.3, current host: 192.168.25.1


[DEBUG] 2019-03-20 21:34:30,408 method:com.alibaba.dubbo.remoting.exchange.support.header.HeartbeatHandler.received(HeartbeatHandler.java:82)
 [DUBBO] Receive heartbeat response in thread New I/O worker #1, dubbo version: 2.5.3, current host: 192.168.25.1


[DEBUG] 2019-03-20 21:34:39,688 method:org.apache.zookeeper.ClientCnxn$SendThread.readResponse(ClientCnxn.java:742)
Got ping response for sessionid: 0x1698bc942c000c7 after 37ms


[DEBUG] 2019-03-20 21:34:49,692 method:org.apache.zookeeper.ClientCnxn$SendThread.readResponse(ClientCnxn.java:742)
Got ping response for sessionid: 0x1698bc942c000c7 after 40ms


[DEBUG] 2019-03-20 21:34:59,695 method:org.apache.zookeeper.ClientCnxn$SendThread.readResponse(ClientCnxn.java:742)
Got ping response for sessionid: 0x1698bc942c000c7 after 41ms


[DEBUG] 2019-03-20 21:35:09,697 method:org.apache.zookeeper.ClientCnxn$SendThread.readResponse(ClientCnxn.java:742)
Got ping response for sessionid: 0x1698bc942c000c7 after 44ms


[DEBUG] 2019-03-20 21:35:19,698 method:org.apache.zookeeper.ClientCnxn$SendThread.readResponse(ClientCnxn.java:742)
Got ping response for sessionid: 0x1698bc942c000c7 after 44ms


[DEBUG] 2019-03-20 21:35:29,693 method:org.apache.zookeeper.ClientCnxn$SendThread.readResponse(ClientCnxn.java:742)
Got ping response for sessionid: 0x1698bc942c000c7 after 39ms


[DEBUG] 2019-03-20 21:35:30,410 method:com.alibaba.dubbo.remoting.exchange.support.header.HeartBeatTask.run(HeartBeatTask.java:66)
 [DUBBO] Send heartbeat to remote channel /192.168.25.1:20882, cause: The channel has no data-transmission exceeds a heartbeat period: 60000ms, dubbo version: 2.5.3, current host: 192.168.25.1


[DEBUG] 2019-03-20 21:35:30,618 method:com.alibaba.dubbo.remoting.exchange.support.header.HeartbeatHandler.received(HeartbeatHandler.java:82)
 [DUBBO] Receive heartbeat response in thread New I/O worker #1, dubbo version: 2.5.3, current host: 192.168.25.1


[DEBUG] 2019-03-20 21:35:39,692 method:org.apache.zookeeper.ClientCnxn$SendThread.readResponse(ClientCnxn.java:742)
Got ping response for sessionid: 0x1698bc942c000c7 after 37ms


[DEBUG] 2019-03-20 21:35:49,693 method:org.apache.zookeeper.ClientCnxn$SendThread.readResponse(ClientCnxn.java:742)
Got ping response for sessionid: 0x1698bc942c000c7 after 37ms


[DEBUG] 2019-03-20 21:35:59,693 method:org.apache.zookeeper.ClientCnxn$SendThread.readResponse(ClientCnxn.java:742)
Got ping response for sessionid: 0x1698bc942c000c7 after 37ms


[DEBUG] 2019-03-20 21:36:09,693 method:org.apache.zookeeper.ClientCnxn$SendThread.readResponse(ClientCnxn.java:742)
Got ping response for sessionid: 0x1698bc942c000c7 after 37ms


[DEBUG] 2019-03-20 21:36:19,704 method:org.apache.zookeeper.ClientCnxn$SendThread.readResponse(ClientCnxn.java:742)
Got ping response for sessionid: 0x1698bc942c000c7 after 46ms


[DEBUG] 2019-03-20 21:36:29,695 method:org.apache.zookeeper.ClientCnxn$SendThread.readResponse(ClientCnxn.java:742)
Got ping response for sessionid: 0x1698bc942c000c7 after 37ms


[DEBUG] 2019-03-20 21:36:30,619 method:com.alibaba.dubbo.remoting.exchange.support.header.HeartBeatTask.run(HeartBeatTask.java:66)
 [DUBBO] Send heartbeat to remote channel /192.168.25.1:20882, cause: The channel has no data-transmission exceeds a heartbeat period: 60000ms, dubbo version: 2.5.3, current host: 192.168.25.1


[DEBUG] 2019-03-20 21:36:30,757 method:com.alibaba.dubbo.remoting.exchange.support.header.HeartbeatHandler.received(HeartbeatHandler.java:82)
 [DUBBO] Receive heartbeat response in thread New I/O worker #1, dubbo version: 2.5.3, current host: 192.168.25.1


[DEBUG] 2019-03-20 21:36:39,695 method:org.apache.zookeeper.ClientCnxn$SendThread.readResponse(ClientCnxn.java:742)
Got ping response for sessionid: 0x1698bc942c000c7 after 37ms


[DEBUG] 2019-03-20 21:36:49,697 method:org.apache.zookeeper.ClientCnxn$SendThread.readResponse(ClientCnxn.java:742)
Got ping response for sessionid: 0x1698bc942c000c7 after 37ms


[DEBUG] 2019-03-20 21:36:59,698 method:org.apache.zookeeper.ClientCnxn$SendThread.readResponse(ClientCnxn.java:742)
Got ping response for sessionid: 0x1698bc942c000c7 after 37ms


[DEBUG] 2019-03-20 21:37:09,699 method:org.apache.zookeeper.ClientCnxn$SendThread.readResponse(ClientCnxn.java:742)
Got ping response for sessionid: 0x1698bc942c000c7 after 38ms


[DEBUG] 2019-03-20 21:37:19,699 method:org.apache.zookeeper.ClientCnxn$SendThread.readResponse(ClientCnxn.java:742)
Got ping response for sessionid: 0x1698bc942c000c7 after 37ms


[DEBUG] 2019-03-20 21:37:29,699 method:org.apache.zookeeper.ClientCnxn$SendThread.readResponse(ClientCnxn.java:742)
Got ping response for sessionid: 0x1698bc942c000c7 after 37ms


[DEBUG] 2019-03-20 21:37:30,758 method:com.alibaba.dubbo.remoting.exchange.support.header.HeartBeatTask.run(HeartBeatTask.java:66)
 [DUBBO] Send heartbeat to remote channel /192.168.25.1:20882, cause: The channel has no data-transmission exceeds a heartbeat period: 60000ms, dubbo version: 2.5.3, current host: 192.168.25.1


[DEBUG] 2019-03-20 21:37:30,804 method:com.alibaba.dubbo.remoting.exchange.support.header.HeartbeatHandler.received(HeartbeatHandler.java:82)
 [DUBBO] Receive heartbeat response in thread New I/O worker #1, dubbo version: 2.5.3, current host: 192.168.25.1


[DEBUG] 2019-03-20 21:37:39,705 method:org.apache.zookeeper.ClientCnxn$SendThread.readResponse(ClientCnxn.java:742)
Got ping response for sessionid: 0x1698bc942c000c7 after 43ms


[DEBUG] 2019-03-20 21:37:49,704 method:org.apache.zookeeper.ClientCnxn$SendThread.readResponse(ClientCnxn.java:742)
Got ping response for sessionid: 0x1698bc942c000c7 after 42ms


[DEBUG] 2019-03-20 21:37:59,700 method:org.apache.zookeeper.ClientCnxn$SendThread.readResponse(ClientCnxn.java:742)
Got ping response for sessionid: 0x1698bc942c000c7 after 38ms


[DEBUG] 2019-03-20 21:38:09,699 method:org.apache.zookeeper.ClientCnxn$SendThread.readResponse(ClientCnxn.java:742)
Got ping response for sessionid: 0x1698bc942c000c7 after 37ms


[DEBUG] 2019-03-20 21:38:19,705 method:org.apache.zookeeper.ClientCnxn$SendThread.readResponse(ClientCnxn.java:742)
Got ping response for sessionid: 0x1698bc942c000c7 after 42ms


[DEBUG] 2019-03-20 21:38:29,700 method:org.apache.zookeeper.ClientCnxn$SendThread.readResponse(ClientCnxn.java:742)
Got ping response for sessionid: 0x1698bc942c000c7 after 37ms


[DEBUG] 2019-03-20 21:38:30,805 method:com.alibaba.dubbo.remoting.exchange.support.header.HeartBeatTask.run(HeartBeatTask.java:66)
 [DUBBO] Send heartbeat to remote channel /192.168.25.1:20882, cause: The channel has no data-transmission exceeds a heartbeat period: 60000ms, dubbo version: 2.5.3, current host: 192.168.25.1


[DEBUG] 2019-03-20 21:38:30,806 method:com.alibaba.dubbo.remoting.exchange.support.header.HeartbeatHandler.received(HeartbeatHandler.java:82)
 [DUBBO] Receive heartbeat response in thread New I/O worker #1, dubbo version: 2.5.3, current host: 192.168.25.1


[INFO ] 2019-03-20 21:38:34,536 method:com.alibaba.dubbo.rpc.protocol.dubbo.DubboProtocol$1.disconnected(DubboProtocol.java:130)
 [DUBBO] disconected from /192.168.25.1:20882,url:dubbo://192.168.25.1:20882/cn.e3mall.search.service.SearchService?anyhost=true&application=e3-portal-web&check=false&codec=dubbo&dubbo=2.5.3&heartbeat=60000&interface=cn.e3mall.search.service.SearchService&methods=search&pid=14864&revision=0.0.1-SNAPSHOT&side=consumer&timeout=60000&timestamp=1553086163791, dubbo version: 2.5.3, current host: 192.168.25.1
